c:\users\magda\downloads\05_01_2022_gpe_oce_tut\graphicprogrammingengine\graphicprogrammingengine\x64\debug\vc142.pdb
c:\users\magda\downloads\05_01_2022_gpe_oce_tut\graphicprogrammingengine\graphicprogrammingengine\x64\debug\vc142.idb
c:\users\magda\downloads\05_01_2022_gpe_oce_tut\graphicprogrammingengine\graphicprogrammingengine\x64\debug\graphicprogrammingengine.obj
c:\users\magda\downloads\05_01_2022_gpe_oce_tut\graphicprogrammingengine\graphicprogrammingengine\x64\debug\gp_window.obj
c:\users\magda\downloads\05_01_2022_gpe_oce_tut\graphicprogrammingengine\graphicprogrammingengine\x64\debug\gp_transform.obj
c:\users\magda\downloads\05_01_2022_gpe_oce_tut\graphicprogrammingengine\graphicprogrammingengine\x64\debug\gp_simpletexturemat.obj
c:\users\magda\downloads\05_01_2022_gpe_oce_tut\graphicprogrammingengine\graphicprogrammingengine\x64\debug\gp_scene.obj
c:\users\magda\downloads\05_01_2022_gpe_oce_tut\graphicprogrammingengine\graphicprogrammingengine\x64\debug\gp_renderer.obj
c:\users\magda\downloads\05_01_2022_gpe_oce_tut\graphicprogrammingengine\graphicprogrammingengine\x64\debug\gp_primplane.obj
c:\users\magda\downloads\05_01_2022_gpe_oce_tut\graphicprogrammingengine\graphicprogrammingengine\x64\debug\gp_objectpool.obj
c:\users\magda\downloads\05_01_2022_gpe_oce_tut\graphicprogrammingengine\graphicprogrammingengine\x64\debug\gp_object.obj
c:\users\magda\downloads\05_01_2022_gpe_oce_tut\graphicprogrammingengine\graphicprogrammingengine\x64\debug\gp_message.obj
c:\users\magda\downloads\05_01_2022_gpe_oce_tut\graphicprogrammingengine\graphicprogrammingengine\x64\debug\gp_mesh.obj
c:\users\magda\downloads\05_01_2022_gpe_oce_tut\graphicprogrammingengine\graphicprogrammingengine\x64\debug\gp_material.obj
c:\users\magda\downloads\05_01_2022_gpe_oce_tut\graphicprogrammingengine\graphicprogrammingengine\x64\debug\gp_core.obj
c:\users\magda\downloads\05_01_2022_gpe_oce_tut\graphicprogrammingengine\graphicprogrammingengine\x64\debug\gp_camera.obj
c:\users\magda\downloads\05_01_2022_gpe_oce_tut\graphicprogrammingengine\graphicprogrammingengine\x64\debug\gp_primcube.obj
c:\users\magda\downloads\05_01_2022_gpe_oce_tut\graphicprogrammingengine\graphicprogrammingengine\x64\debug\gp_sphere.obj
c:\users\magda\downloads\05_01_2022_gpe_oce_tut\graphicprogrammingengine\graphicprogrammingengine\x64\debug\gp_skybox.obj
c:\users\magda\downloads\05_01_2022_gpe_oce_tut\graphicprogrammingengine\graphicprogrammingengine\x64\debug\gp_ocechallengematerial.obj
c:\users\magda\downloads\05_01_2022_gpe_oce_tut\graphicprogrammingengine\graphicprogrammingengine\x64\debug\gp_pointlight.obj
c:\users\magda\downloads\05_01_2022_gpe_oce_tut\graphicprogrammingengine\graphicprogrammingengine\x64\debug\gp_lightmaterial.obj
c:\users\magda\downloads\05_01_2022_gpe_oce_tut\graphicprogrammingengine\graphicprogrammingengine\x64\debug\gp_light.obj
c:\users\magda\downloads\05_01_2022_gpe_oce_tut\graphicprogrammingengine\graphicprogrammingengine\x64\debug\gp_directionlight.obj
c:\users\magda\downloads\05_01_2022_gpe_oce_tut\graphicprogrammingengine\x64\debug\pssimpletexture.cso
c:\users\magda\downloads\05_01_2022_gpe_oce_tut\graphicprogrammingengine\x64\debug\vssimpletexture.cso
c:\users\magda\downloads\05_01_2022_gpe_oce_tut\graphicprogrammingengine\x64\debug\vsdirectionallight.cso
c:\users\magda\downloads\05_01_2022_gpe_oce_tut\graphicprogrammingengine\x64\debug\psdirectionallight.cso
c:\users\magda\downloads\05_01_2022_gpe_oce_tut\graphicprogrammingengine\x64\debug\graphicprogrammingengine.exe
c:\users\magda\downloads\05_01_2022_gpe_oce_tut\graphicprogrammingengine\x64\debug\graphicprogrammingengine.ilk
c:\users\magda\downloads\05_01_2022_gpe_oce_tut\graphicprogrammingengine\x64\debug\graphicprogrammingengine.pdb
c:\users\magda\downloads\05_01_2022_gpe_oce_tut\graphicprogrammingengine\graphicprogrammingengine\x64\debug\graphicprogrammingengine.res
c:\users\magda\downloads\05_01_2022_gpe_oce_tut\graphicprogrammingengine\graphicprogrammingengine\x64\debug\graphicprogrammingengine.ilk
c:\users\magda\downloads\05_01_2022_gpe_oce_tut\graphicprogrammingengine\graphicprogrammingengine\x64\debug\graphicp.070297bb.tlog\cl.command.1.tlog
c:\users\magda\downloads\05_01_2022_gpe_oce_tut\graphicprogrammingengine\graphicprogrammingengine\x64\debug\graphicp.070297bb.tlog\cl.read.1.tlog
c:\users\magda\downloads\05_01_2022_gpe_oce_tut\graphicprogrammingengine\graphicprogrammingengine\x64\debug\graphicp.070297bb.tlog\cl.write.1.tlog
c:\users\magda\downloads\05_01_2022_gpe_oce_tut\graphicprogrammingengine\graphicprogrammingengine\x64\debug\graphicp.070297bb.tlog\fxc.command.1.tlog
c:\users\magda\downloads\05_01_2022_gpe_oce_tut\graphicprogrammingengine\graphicprogrammingengine\x64\debug\graphicp.070297bb.tlog\fxc.read.1.tlog
c:\users\magda\downloads\05_01_2022_gpe_oce_tut\graphicprogrammingengine\graphicprogrammingengine\x64\debug\graphicp.070297bb.tlog\fxc.write.1.tlog
c:\users\magda\downloads\05_01_2022_gpe_oce_tut\graphicprogrammingengine\graphicprogrammingengine\x64\debug\graphicp.070297bb.tlog\link.command.1.tlog
c:\users\magda\downloads\05_01_2022_gpe_oce_tut\graphicprogrammingengine\graphicprogrammingengine\x64\debug\graphicp.070297bb.tlog\link.delete.1.tlog
c:\users\magda\downloads\05_01_2022_gpe_oce_tut\graphicprogrammingengine\graphicprogrammingengine\x64\debug\graphicp.070297bb.tlog\link.read.1.tlog
c:\users\magda\downloads\05_01_2022_gpe_oce_tut\graphicprogrammingengine\graphicprogrammingengine\x64\debug\graphicp.070297bb.tlog\link.write.1.tlog
c:\users\magda\downloads\05_01_2022_gpe_oce_tut\graphicprogrammingengine\graphicprogrammingengine\x64\debug\graphicp.070297bb.tlog\rc.command.1.tlog
c:\users\magda\downloads\05_01_2022_gpe_oce_tut\graphicprogrammingengine\graphicprogrammingengine\x64\debug\graphicp.070297bb.tlog\rc.read.1.tlog
c:\users\magda\downloads\05_01_2022_gpe_oce_tut\graphicprogrammingengine\graphicprogrammingengine\x64\debug\graphicp.070297bb.tlog\rc.write.1.tlog
